#
# A fatal error has been detected by the Java Runtime Environment:
#
#  EXCEPTION_ACCESS_VIOLATION (0xc0000005) at pc=0x0000000051d8f783, pid=9636, tid=0x0000000000002c80
#
# JRE version: Java(TM) SE Runtime Environment (8.0_181-b13) (build 1.8.0_181-b13)
# Java VM: Java HotSpot(TM) 64-Bit Server VM (25.181-b13 mixed mode windows-amd64 compressed oops)
# Problematic frame:
# V  [jvm.dll+0xff783]
#
# Failed to write core dump. Minidumps are not enabled by default on client versions of Windows
#
# If you would like to submit a bug report, please visit:
#   http://bugreport.java.com/bugreport/crash.jsp
#

---------------  T H R E A D  ---------------

Current thread (0x00000000180a9800):  VMThread [stack: 0x0000000019d70000,0x0000000019e70000] [id=11392]

siginfo: ExceptionCode=0xc0000005, reading address 0x000000005349e0a1

Registers:
RAX=0x00000000000000ff, RBX=0x0000000019e6ecc0, RCX=0x00000000180a9e70, RDX=0x0000000000000008
RSP=0x0000000019e6ec50, RBP=0x0000000017ace66e, RSI=0x0000000001010101, RDI=0x00000000000000ff
R8 =0x00000000180a7490, R9 =0x0000000000000009, R10=0x0000000000000009, R11=0x0000000017ace66e
R12=0x0000000051c90000, R13=0x0000000017f357d8, R14=0x0000000019e6ed50, R15=0x0000000000000003
RIP=0x0000000051d8f783, EFLAGS=0x0000000000010206

Top of Stack: (sp=0x0000000019e6ec50)
0x0000000019e6ec50:   0000000019e6ecc0 0000000019e6ecb9
0x0000000019e6ec60:   0000000019e6ee68 0000000000000001
0x0000000019e6ec70:   0000000017ace6e0 0000000051d8fb70
0x0000000019e6ec80:   0000000019e6ecb9 0000000000000000
0x0000000019e6ec90:   00000000180a7490 0000000019e6ee68
0x0000000019e6eca0:   0000000017ace6e0 00000000180a9800
0x0000000019e6ecb0:   0000000017ace6e0 00000000180a9800
0x0000000019e6ecc0:   0000000017ace6e0 00000000180a9800
0x0000000019e6ecd0:   0000006e0000006e 0000002a00000087
0x0000000019e6ece0:   000000001a070000 000000000000002a
0x0000000019e6ecf0:   0000000017f357d8 0000000000000000
0x0000000019e6ed00:   0000000017f35450 00000000000003d8
0x0000000019e6ed10:   00000000180a9800 0000000051d93ad6
0x0000000019e6ed20:   0000000019e6ee50 0000000017f353f0
0x0000000019e6ed30:   0000000000000040 00000000012a0cc0
0x0000000019e6ed40:   000000001a127a00 0000000000000000 

Instructions: (pc=0x0000000051d8f783)
0x0000000051d8f763:   0d 48 8b 0b 48 8b d0 e8 51 2e fb ff 8b f8 4c 8d
0x0000000051d8f773:   25 88 08 f0 ff 48 63 c7 49 63 b4 84 f0 db 7f 00
0x0000000051d8f783:   42 0f b6 8c 26 a0 df 7f 00 83 e1 0f 75 3d 44 0f
0x0000000051d8f793:   b6 4d 00 41 81 f9 ca 00 00 00 75 0e 48 8b 0b 48 


Register to memory mapping:

RAX=0x00000000000000ff is an unknown value
RBX=0x0000000019e6ecc0 is an unknown value
RCX=0x00000000180a9e70 is an unknown value
RDX=0x0000000000000008 is an unknown value
RSP=0x0000000019e6ec50 is an unknown value
RBP=0x0000000017ace66e is pointing into metadata
RSI=0x0000000001010101 is an unknown value
RDI=0x00000000000000ff is an unknown value
R8 =0x00000000180a7490 is an unknown value
R9 =0x0000000000000009 is an unknown value
R10=0x0000000000000009 is an unknown value
R11=0x0000000017ace66e is pointing into metadata
R12=0x0000000051c90000 is an unknown value
R13=0x0000000017f357d8 is an unknown value
R14=0x0000000019e6ed50 is an unknown value
R15=0x0000000000000003 is an unknown value


Stack: [0x0000000019d70000,0x0000000019e70000],  sp=0x0000000019e6ec50,  free space=1019k
Native frames: (J=compiled Java code, j=interpreted, Vv=VM code, C=native code)
V  [jvm.dll+0xff783]
V  [jvm.dll+0xffb70]
V  [jvm.dll+0x103ad6]
V  [jvm.dll+0xc50be]
V  [jvm.dll+0xc5748]
V  [jvm.dll+0xc587a]
V  [jvm.dll+0xc5a78]
V  [jvm.dll+0x10f94a]
V  [jvm.dll+0x12d22f]
V  [jvm.dll+0x1bf3df]
V  [jvm.dll+0x24cc27]
V  [jvm.dll+0x24bec6]
V  [jvm.dll+0x24c361]
V  [jvm.dll+0x24c57e]
V  [jvm.dll+0x29e64a]
C  [msvcr100.dll+0x21d9f]
C  [msvcr100.dll+0x21e3b]
C  [KERNEL32.DLL+0x17034]
C  [ntdll.dll+0x52651]

VM_Operation (0x000000001a7df640): GetOrSetLocal, mode: safepoint, requested by thread 0x0000000019fae000


---------------  P R O C E S S  ---------------

Java Threads: ( => current thread )
  0x000000001a124800 JavaThread "Service Thread" daemon [_thread_blocked, id=13224, stack(0x000000001ade0000,0x000000001aee0000)]
  0x000000001a09b000 JavaThread "C1 CompilerThread3" daemon [_thread_blocked, id=9532, stack(0x000000001ace0000,0x000000001ade0000)]
  0x000000001a093800 JavaThread "C2 CompilerThread2" daemon [_thread_blocked, id=10912, stack(0x000000001abe0000,0x000000001ace0000)]
  0x000000001a093000 JavaThread "C2 CompilerThread1" daemon [_thread_blocked, id=14248, stack(0x000000001aae0000,0x000000001abe0000)]
  0x000000001a090000 JavaThread "C2 CompilerThread0" daemon [_thread_blocked, id=15188, stack(0x000000001a9e0000,0x000000001aae0000)]
  0x000000001a018800 JavaThread "JDWP Command Reader" daemon [_thread_in_native, id=288, stack(0x000000001a8e0000,0x000000001a9e0000)]
  0x000000001a015800 JavaThread "JDWP Event Helper Thread" daemon [_thread_blocked, id=3244, stack(0x000000001a7e0000,0x000000001a8e0000)]
  0x0000000019fae000 JavaThread "JDWP Transport Listener: dt_socket" daemon [_thread_blocked, id=6920, stack(0x000000001a6e0000,0x000000001a7e0000)]
  0x0000000019fa7000 JavaThread "Attach Listener" daemon [_thread_blocked, id=3584, stack(0x000000001a5e0000,0x000000001a6e0000)]
  0x0000000019fa4800 JavaThread "Signal Dispatcher" daemon [_thread_blocked, id=6948, stack(0x000000001a4e0000,0x000000001a5e0000)]
  0x0000000019f90800 JavaThread "Finalizer" daemon [_thread_blocked, id=7892, stack(0x000000001a370000,0x000000001a470000)]
  0x0000000003159000 JavaThread "Reference Handler" daemon [_thread_blocked, id=14920, stack(0x0000000019e70000,0x0000000019f70000)]
  0x0000000003063800 JavaThread "main" [_thread_blocked, id=3052, stack(0x0000000002e40000,0x0000000002f40000)]

Other Threads:
=>0x00000000180a9800 VMThread [stack: 0x0000000019d70000,0x0000000019e70000] [id=11392]
  0x000000001a195800 WatcherThread [stack: 0x000000001aee0000,0x000000001afe0000] [id=252]

VM state:at safepoint (normal execution)

VM Mutex/Monitor currently owned by a thread:  ([mutex/lock_event])
[0x0000000003060350] Threads_lock - owner thread: 0x00000000180a9800

Heap:
 PSYoungGen      total 37888K, used 3291K [0x00000000d6100000, 0x00000000d8b00000, 0x0000000100000000)
  eden space 32768K, 10% used [0x00000000d6100000,0x00000000d6436f90,0x00000000d8100000)
  from space 5120K, 0% used [0x00000000d8600000,0x00000000d8600000,0x00000000d8b00000)
  to   space 5120K, 0% used [0x00000000d8100000,0x00000000d8100000,0x00000000d8600000)
 ParOldGen       total 86016K, used 0K [0x0000000082200000, 0x0000000087600000, 0x00000000d6100000)
  object space 86016K, 0% used [0x0000000082200000,0x0000000082200000,0x0000000087600000)
 Metaspace       used 3297K, capacity 4664K, committed 4864K, reserved 1056768K
  class space    used 352K, capacity 424K, committed 512K, reserved 1048576K

Card table byte_map: [0x0000000012520000,0x0000000012910000] byte_map_base: 0x000000001210f000

Marking Bits: (ParMarkBitMap*) 0x00000000524b2d00
 Begin Bits: [0x00000000133b0000, 0x0000000015328000)
 End Bits:   [0x0000000015328000, 0x00000000172a0000)

Polling page: 0x00000000012f0000

CodeCache: size=245760Kb used=1124Kb max_used=1127Kb free=244635Kb
 bounds [0x0000000003160000, 0x00000000033d0000, 0x0000000012160000]
 total_blobs=271 nmethods=30 adapters=162
 compilation: enabled

Compilation events (10 events):
Event: 1.226 Thread 0x000000001a09b000   26       3       java.lang.String::indexOf (166 bytes)
Event: 1.227 Thread 0x000000001a09b000 nmethod 26 0x0000000003279590 code [0x0000000003279740, 0x0000000003279d90]
Event: 1.227 Thread 0x000000001a09b000   27       3       java.lang.String::toCharArray (25 bytes)
Event: 1.227 Thread 0x000000001a09b000 nmethod 27 0x00000000032790d0 code [0x0000000003279240, 0x00000000032794c8]
Event: 1.228 Thread 0x000000001a09b000   28       3       java.lang.String::lastIndexOf (52 bytes)
Event: 1.228 Thread 0x000000001a09b000 nmethod 28 0x0000000003278a10 code [0x0000000003278ba0, 0x0000000003278f48]
Event: 1.232 Thread 0x000000001a09b000   29       1       java.lang.Object::<init> (1 bytes)
Event: 1.232 Thread 0x000000001a09b000 nmethod 29 0x0000000003265f90 code [0x00000000032660e0, 0x00000000032661f0]
Event: 1025.415 Thread 0x000000001a09b000   30       3       java.util.HashMap::get (23 bytes)
Event: 1025.416 Thread 0x000000001a09b000 nmethod 30 0x0000000003278310 code [0x00000000032784a0, 0x00000000032788b8]

GC Heap History (0 events):
No events

Deoptimization events (0 events):
No events

Classes redefined (7 events):
Event: 137.055 Thread 0x00000000180a9800 redefined class name=com.lb.leetcode.linkedlist.solution.AddTwoNumbers, count=1
Event: 178.884 Thread 0x00000000180a9800 redefined class name=com.lb.leetcode.linkedlist.solution.AddTwoNumbers, count=2
Event: 351.457 Thread 0x00000000180a9800 redefined class name=com.lb.leetcode.linkedlist.solution.AddTwoNumbers, count=3
Event: 744.245 Thread 0x00000000180a9800 redefined class name=com.lb.leetcode.linkedlist.solution.AddTwoNumbers, count=4
Event: 794.712 Thread 0x00000000180a9800 redefined class name=com.lb.leetcode.linkedlist.solution.AddTwoNumbers, count=5
Event: 1025.415 Thread 0x00000000180a9800 redefined class name=com.lb.leetcode.linkedlist.solution.AddTwoNumbers, count=6
Event: 1205.443 Thread 0x00000000180a9800 redefined class name=com.lb.leetcode.linkedlist.solution.AddTwoNumbers, count=7

Internal exceptions (2 events):
Event: 0.040 Thread 0x0000000003063800 Exception <a 'java/lang/NoSuchMethodError': Method sun.misc.Unsafe.defineClass(Ljava/lang/String;[BII)Ljava/lang/Class; name or signature does not match> (0x00000000d6107cb0) thrown at [C:\re\workspace\8-2-build-windows-amd64-cygwin\jdk8u181\11358\hotspot
Event: 0.040 Thread 0x0000000003063800 Exception <a 'java/lang/NoSuchMethodError': Method sun.misc.Unsafe.prefetchRead(Ljava/lang/Object;J)V name or signature does not match> (0x00000000d6107f98) thrown at [C:\re\workspace\8-2-build-windows-amd64-cygwin\jdk8u181\11358\hotspot\src\share\vm\prim

Events (10 events):
Event: 1205.443 Executing VM operation: RedefineClasses done
Event: 1205.548 Executing VM operation: ChangeBreakpoints
Event: 1205.548 Executing VM operation: ChangeBreakpoints done
Event: 1205.550 Executing VM operation: ChangeBreakpoints
Event: 1205.550 Executing VM operation: ChangeBreakpoints done
Event: 1205.551 Executing VM operation: ChangeBreakpoints
Event: 1205.551 Executing VM operation: ChangeBreakpoints done
Event: 1205.552 Executing VM operation: ChangeBreakpoints
Event: 1205.552 Executing VM operation: ChangeBreakpoints done
Event: 1205.602 Executing VM operation: GetOrSetLocal


Dynamic libraries:
0x00007ff75ee70000 - 0x00007ff75eea7000 	C:\Program Files\Java\jdk1.8.0_181\bin\java.exe
0x00007ffc50470000 - 0x00007ffc50665000 	C:\Windows\SYSTEM32\ntdll.dll
0x00007ffc4f700000 - 0x00007ffc4f7bd000 	C:\Windows\System32\KERNEL32.DLL
0x00007ffc4dfa0000 - 0x00007ffc4e268000 	C:\Windows\System32\KERNELBASE.dll
0x00007ffc4ed40000 - 0x00007ffc4edec000 	C:\Windows\System32\ADVAPI32.dll
0x00007ffc4e530000 - 0x00007ffc4e5ce000 	C:\Windows\System32\msvcrt.dll
0x00007ffc502e0000 - 0x00007ffc5037b000 	C:\Windows\System32\sechost.dll
0x00007ffc4f820000 - 0x00007ffc4f94b000 	C:\Windows\System32\RPCRT4.dll
0x00007ffc4ff40000 - 0x00007ffc500e0000 	C:\Windows\System32\USER32.dll
0x00007ffc4dd60000 - 0x00007ffc4dd82000 	C:\Windows\System32\win32u.dll
0x00007ffc4ed10000 - 0x00007ffc4ed3a000 	C:\Windows\System32\GDI32.dll
0x00007ffc4dd90000 - 0x00007ffc4de9b000 	C:\Windows\System32\gdi32full.dll
0x00007ffc4e3d0000 - 0x00007ffc4e46d000 	C:\Windows\System32\msvcp_win.dll
0x00007ffc4dbb0000 - 0x00007ffc4dcb0000 	C:\Windows\System32\ucrtbase.dll
0x00007ffc399b0000 - 0x00007ffc39c4a000 	C:\Windows\WinSxS\amd64_microsoft.windows.common-controls_6595b64144ccf1df_6.0.19041.844_none_ca00b6081b84eb1d\COMCTL32.dll
0x00007ffc4e690000 - 0x00007ffc4e6c0000 	C:\Windows\System32\IMM32.DLL
0x0000000052540000 - 0x0000000052612000 	C:\Program Files\Java\jdk1.8.0_181\jre\bin\msvcr100.dll
0x0000000051c90000 - 0x0000000052532000 	C:\Program Files\Java\jdk1.8.0_181\jre\bin\server\jvm.dll
0x00007ffc50250000 - 0x00007ffc50258000 	C:\Windows\System32\PSAPI.DLL
0x00007ffc459e0000 - 0x00007ffc459ea000 	C:\Windows\SYSTEM32\VERSION.dll
0x00007ffc3ac50000 - 0x00007ffc3ac77000 	C:\Windows\SYSTEM32\WINMM.dll
0x00007ffc38ee0000 - 0x00007ffc38ee9000 	C:\Windows\SYSTEM32\WSOCK32.dll
0x00007ffc500e0000 - 0x00007ffc5014b000 	C:\Windows\System32\WS2_32.dll
0x0000000051c80000 - 0x0000000051c8f000 	C:\Program Files\Java\jdk1.8.0_181\jre\bin\verify.dll
0x0000000051c50000 - 0x0000000051c79000 	C:\Program Files\Java\jdk1.8.0_181\jre\bin\java.dll
0x0000000053a70000 - 0x0000000053aa5000 	C:\Program Files\Java\jdk1.8.0_181\jre\bin\jdwp.dll
0x0000000053a60000 - 0x0000000053a68000 	C:\Program Files\Java\jdk1.8.0_181\jre\bin\npt.dll
0x0000000053a30000 - 0x0000000053a53000 	C:\Program Files\Java\jdk1.8.0_181\jre\bin\instrument.dll
0x0000000051c30000 - 0x0000000051c46000 	C:\Program Files\Java\jdk1.8.0_181\jre\bin\zip.dll
0x00007ffc4ee90000 - 0x00007ffc4f5d2000 	C:\Windows\System32\SHELL32.dll
0x00007ffc4bce0000 - 0x00007ffc4c470000 	C:\Windows\SYSTEM32\windows.storage.dll
0x00007ffc4e9b0000 - 0x00007ffc4ed05000 	C:\Windows\System32\combase.dll
0x00007ffc4d620000 - 0x00007ffc4d64c000 	C:\Windows\SYSTEM32\Wldp.dll
0x00007ffc50380000 - 0x00007ffc5042e000 	C:\Windows\System32\SHCORE.dll
0x00007ffc4e5d0000 - 0x00007ffc4e625000 	C:\Windows\System32\shlwapi.dll
0x00007ffc4daf0000 - 0x00007ffc4db0f000 	C:\Windows\SYSTEM32\profapi.dll
0x0000000053a20000 - 0x0000000053a29000 	C:\Program Files\Java\jdk1.8.0_181\jre\bin\dt_socket.dll
0x00007ffc4d390000 - 0x00007ffc4d3fa000 	C:\Windows\system32\mswsock.dll
0x00007ffc38110000 - 0x00007ffc382f4000 	C:\Windows\SYSTEM32\dbghelp.dll
0x00007ffc4dce0000 - 0x00007ffc4dd60000 	C:\Windows\System32\bcryptPrimitives.dll

VM Arguments:
jvm_args: -agentlib:jdwp=transport=dt_socket,address=127.0.0.1:57702,suspend=y,server=n -Dvisualvm.id=10756540945100 -javaagent:C:\Users\ben.liu\.IntelliJIdea2018.2\system\captureAgent\debugger-agent.jar=file:/C:/Users/ben.liu/AppData/Local/Temp/capture.props -Dfile.encoding=UTF-8 
java_command: com.lb.leetcode.linkedlist.solution.AddTwoNumbers
java_class_path (initial): C:\Program Files\Java\jdk1.8.0_181\jre\lib\charsets.jar;C:\Program Files\Java\jdk1.8.0_181\jre\lib\deploy.jar;C:\Program Files\Java\jdk1.8.0_181\jre\lib\ext\access-bridge-64.jar;C:\Program Files\Java\jdk1.8.0_181\jre\lib\ext\cldrdata.jar;C:\Program Files\Java\jdk1.8.0_181\jre\lib\ext\dnsns.jar;C:\Program Files\Java\jdk1.8.0_181\jre\lib\ext\jaccess.jar;C:\Program Files\Java\jdk1.8.0_181\jre\lib\ext\jfxrt.jar;C:\Program Files\Java\jdk1.8.0_181\jre\lib\ext\localedata.jar;C:\Program Files\Java\jdk1.8.0_181\jre\lib\ext\nashorn.jar;C:\Program Files\Java\jdk1.8.0_181\jre\lib\ext\sunec.jar;C:\Program Files\Java\jdk1.8.0_181\jre\lib\ext\sunjce_provider.jar;C:\Program Files\Java\jdk1.8.0_181\jre\lib\ext\sunmscapi.jar;C:\Program Files\Java\jdk1.8.0_181\jre\lib\ext\sunpkcs11.jar;C:\Program Files\Java\jdk1.8.0_181\jre\lib\ext\zipfs.jar;C:\Program Files\Java\jdk1.8.0_181\jre\lib\javaws.jar;C:\Program Files\Java\jdk1.8.0_181\jre\lib\jce.jar;C:\Program Files\Java\jdk1.8.0_181\jre\lib\jfr.jar;C:\Program Files\Java\jdk1.8.0_181\jre\lib\jfxswt.jar;C:\Program Files\Java\jdk1.8.0_181\jre\lib\jsse.jar;C:\Program Files\Java\jdk1.8.0_181\jre\lib\management-agent.jar;C:\Program Files\Java\jdk1.8.0_181\jre\lib\plugin.jar;C:\Program Files\Java\jdk1.8.0_181\jre\lib\resources.jar;C:\Program Files\Java\jdk1.8.0_181\jre\lib\rt.jar;D:\liuben_git\leetcode\out\production\leetcode;C:\Program Files\JetBrains\IntelliJ IDEA 2018.2.8\lib\idea_rt.jar;C:\Users\ben.liu\.IntelliJIdea2018.2\system\captureAgent\debugger-agent.jar
Launcher Type: SUN_STANDARD

Environment Variables:
JAVA_HOME=C:\Program Files\Java\jdk1.8.0_181
CLASSPATH=.;C:\Program Files\Java\jdk1.8.0_181\lib\dt.jar;C:\Program Files\Java\jdk1.8.0_181\lib\tools.jar
PATH=C:\Program Files (x86)\Common Files\Oracle\Java\javapath;C:\Windows\system32;C:\Windows;C:\Windows\System32\Wbem;C:\Windows\System32\WindowsPowerShell\v1.0\;C:\Windows\System32\OpenSSH\;C:\Program Files\Java\jdk1.8.0_181\bin;C:\Program Files\Java\jdk1.8.0_181\jre\bin;D:\ittools\apache-maven-3.5.0\bin;D:\ittools\mysql-5.7.27-winx64\bin;C:\Program Files\Git\cmd;D:\ittools\redis;C:\Program Files\nodejs\;C:\Users\Administrator\Downloads\Apache24\bin;C:\Program Files\dotnet\;D:\ittools\gradle-6.0-all\gradle-6.0\bin;C:\Users\ben.liu\AppData\Local\Microsoft\WindowsApps;;C:\Users\ben.liu\AppData\Local\Programs\Fiddler
USERNAME=ben.liu
OS=Windows_NT
PROCESSOR_IDENTIFIER=Intel64 Family 6 Model 142 Stepping 10, GenuineIntel



---------------  S Y S T E M  ---------------

OS: Windows 10.0 , 64 bit Build 19041 (10.0.19041.928)

CPU:total 8 (initial active 8) (4 cores per cpu, 2 threads per core) family 6 model 142 stepping 10, cmov, cx8, fxsr, mmx, sse, sse2, sse3, ssse3, sse4.1, sse4.2, popcnt, avx, avx2, clmul, erms, 3dnowpref, lzcnt, ht, tsc, tscinvbit, bmi1, bmi2, adx

Memory: 4k page, physical 8244400k(1726396k free), swap 23973040k(14447852k free)

vm_info: Java HotSpot(TM) 64-Bit Server VM (25.181-b13) for windows-amd64 JRE (1.8.0_181-b13), built on Jul  7 2018 04:01:33 by "java_re" with MS VC++ 10.0 (VS2010)

time: Wed Jun 02 15:21:39 2021
elapsed time: 1205 seconds (0d 0h 20m 5s)

